\BOOKMARK [1][-]{section.1}{Kommunikationsmodul}{}% 1
\BOOKMARK [2][-]{subsection.1.1}{Kommunikationsfall}{section.1}% 2
\BOOKMARK [2][-]{subsection.1.2}{Komponenter}{section.1}% 3
\BOOKMARK [2][-]{subsection.1.3}{Buss}{section.1}% 4
\BOOKMARK [3][-]{subsubsection.1.3.1}{Styrord}{subsection.1.3}% 5
\BOOKMARK [3][-]{subsubsection.1.3.2}{Busstrafik}{subsection.1.3}% 6
\BOOKMARK [3][-]{subsubsection.1.3.3}{Ack-paketets struktur}{subsection.1.3}% 7
\BOOKMARK [2][-]{subsection.1.4}{LCD-Display}{section.1}% 8
\BOOKMARK [3][-]{subsubsection.1.4.1}{Uppstart}{subsection.1.4}% 9
\BOOKMARK [3][-]{subsubsection.1.4.2}{Skrivning}{subsection.1.4}% 10
\BOOKMARK [2][-]{subsection.1.5}{Bl\345tand}{section.1}% 11
\BOOKMARK [2][-]{subsection.1.6}{Switchar}{section.1}% 12
\BOOKMARK [1][-]{section.2}{Styrmodul}{}% 13
\BOOKMARK [2][-]{subsection.2.1}{Komponenter}{section.2}% 14
\BOOKMARK [2][-]{subsection.2.2}{Styrning och kartl\344ggning}{section.2}% 15
\BOOKMARK [3][-]{subsubsection.2.2.1}{Kartl\344ggninsalgoritm}{subsection.2.2}% 16
\BOOKMARK [3][-]{subsubsection.2.2.2}{Brandh\344rdss\366kning}{subsection.2.2}% 17
\BOOKMARK [3][-]{subsubsection.2.2.3}{Kartabstraktion}{subsection.2.2}% 18
\BOOKMARK [2][-]{subsection.2.3}{Reglering}{section.2}% 19
\BOOKMARK [3][-]{subsubsection.2.3.1}{PD-reglering av styrning}{subsection.2.3}% 20
\BOOKMARK [2][-]{subsection.2.4}{Kommunikation}{section.2}% 21
\BOOKMARK [1][-]{section.3}{Sensormodul}{}% 22
\BOOKMARK [2][-]{subsection.3.1}{Kopplingsschema}{section.3}% 23
\BOOKMARK [2][-]{subsection.3.2}{Uppgift}{section.3}% 24
\BOOKMARK [2][-]{subsection.3.3}{Komponenter}{section.3}% 25
\BOOKMARK [3][-]{subsubsection.3.3.1}{Systemchip}{subsection.3.3}% 26
\BOOKMARK [3][-]{subsubsection.3.3.2}{RFID-sensor}{subsection.3.3}% 27
\BOOKMARK [3][-]{subsubsection.3.3.3}{Avst\345ndssensorer}{subsection.3.3}% 28
\BOOKMARK [3][-]{subsubsection.3.3.4}{Vinkelhastighetssensor \(gyro\)}{subsection.3.3}% 29
\BOOKMARK [3][-]{subsubsection.3.3.5}{\326vriga komponenter}{subsection.3.3}% 30
\BOOKMARK [2][-]{subsection.3.4}{\326vergripande design}{section.3}% 31
\BOOKMARK [1][-]{appendix.A}{Appendix A}{}% 32
\BOOKMARK [1][-]{appendix.B}{Appendix B}{}% 33
